d:\2dtimergame\timergame 試作改7\project1\x64\debug\vc141.pdb
d:\2dtimergame\timergame 試作改7\project1\x64\debug\vc141.idb
d:\2dtimergame\timergame 試作改7\project1\x64\debug\win_main.obj
d:\2dtimergame\timergame 試作改7\project1\x64\debug\title.obj
d:\2dtimergame\timergame 試作改7\project1\x64\debug\tasksystemex.obj
d:\2dtimergame\timergame 試作改7\project1\x64\debug\stopwatch.obj
d:\2dtimergame\timergame 試作改7\project1\x64\debug\score.obj
d:\2dtimergame\timergame 試作改7\project1\x64\debug\saikoro.obj
d:\2dtimergame\timergame 試作改7\project1\x64\debug\mylib.obj
d:\2dtimergame\timergame 試作改7\project1\x64\debug\maingamesistem.obj
d:\2dtimergame\timergame 試作改7\project1\x64\debug\hit.obj
d:\2dtimergame\timergame 試作改7\project1\x64\debug\game_screen.obj
d:\2dtimergame\timergame 試作改7\project1\x64\debug\gametitle_screen.obj
d:\2dtimergame\timergame 試作改7\project1\x64\debug\gameselect_screen.obj
d:\2dtimergame\timergame 試作改7\project1\x64\debug\gameover_screen.obj
d:\2dtimergame\timergame 試作改7\project1\x64\debug\game.obj
d:\2dtimergame\timergame 試作改7\project1\x64\debug\explosion.obj
d:\2dtimergame\timergame 試作改7\project1\x64\debug\gameclear_screen.obj
d:\2dtimergame\timergame 試作改7\project1\x64\debug\effect.obj
d:\2dtimergame\timergame 試作改7\project1\x64\debug\cointoss.obj
d:\ゲームキャンプ\timergame 試作改7\project1\x64\debug\vc141.pdb
d:\ゲームキャンプ\timergame 試作改7\project1\x64\debug\vc141.idb
d:\ゲームキャンプ\timergame 試作改7\project1\x64\debug\win_main.obj
d:\ゲームキャンプ\timergame 試作改7\project1\x64\debug\title.obj
d:\ゲームキャンプ\timergame 試作改7\project1\x64\debug\tasksystemex.obj
d:\ゲームキャンプ\timergame 試作改7\project1\x64\debug\score.obj
d:\ゲームキャンプ\timergame 試作改7\project1\x64\debug\mylib.obj
d:\ゲームキャンプ\timergame 試作改7\project1\x64\debug\gametitle_screen.obj
d:\ゲームキャンプ\timergame 試作改7\project1\x64\debug\gameselect_screen.obj
d:\ゲームキャンプ\timergame 試作改7\project1\x64\debug\gameover_screen.obj
d:\ゲームキャンプ\timergame 試作改7\project1\x64\debug\game.obj
d:\ゲームキャンプ\timergame 試作改7\project1\x64\debug\gameclear_screen.obj
d:\ゲームキャンプ\timergame 試作改7\project1\x64\debug\effect.obj
d:\ゲームキャンプ\timergame 試作改7\project1\x64\debug\player.obj
d:\ゲームキャンプ\timergame 試作改7\project1\x64\debug\maingamesistem.obj
d:\ゲームキャンプ\timergame 試作改7\project1\x64\debug\game_screen.obj
d:\2dtimergame\timergame 試作改7\x64\debug\project1.exe
d:\2dtimergame\timergame 試作改7\x64\debug\project1.ilk
d:\2dtimergame\timergame 試作改7\x64\debug\project1.pdb
d:\ゲームキャンプ\timergame 試作改7\x64\debug\project1.exe
d:\ゲームキャンプ\timergame 試作改7\x64\debug\project1.ilk
d:\ゲームキャンプ\timergame 試作改7\x64\debug\project1.pdb
d:\2dtimergame\timergame 試作改7\project1\x64\debug\resource.res
d:\ゲームキャンプ\timergame 試作改7\project1\x64\debug\resource.res
d:\ゲームキャンプ\timergame 試作改7\project1\x64\debug\cointoss.obj
d:\ゲームキャンプ\timergame 試作改7\project1\x64\debug\explosion.obj
d:\ゲームキャンプ\timergame 試作改7\project1\x64\debug\hit.obj
d:\ゲームキャンプ\timergame 試作改7\project1\x64\debug\saikoro.obj
d:\ゲームキャンプ\timergame 試作改7\project1\x64\debug\stopwatch.obj
d:\ゲームキャンプ\timergame 試作改7\project1\x64\debug\project1.tlog\cl.command.1.tlog
d:\ゲームキャンプ\timergame 試作改7\project1\x64\debug\project1.tlog\cl.read.1.tlog
d:\ゲームキャンプ\timergame 試作改7\project1\x64\debug\project1.tlog\cl.write.1.tlog
d:\ゲームキャンプ\timergame 試作改7\project1\x64\debug\project1.tlog\link.command.1.tlog
d:\ゲームキャンプ\timergame 試作改7\project1\x64\debug\project1.tlog\link.read.1.tlog
d:\ゲームキャンプ\timergame 試作改7\project1\x64\debug\project1.tlog\link.write.1.tlog
d:\ゲームキャンプ\timergame 試作改7\project1\x64\debug\project1.tlog\rc.command.1.tlog
d:\ゲームキャンプ\timergame 試作改7\project1\x64\debug\project1.tlog\rc.read.1.tlog
d:\ゲームキャンプ\timergame 試作改7\project1\x64\debug\project1.tlog\rc.write.1.tlog
