d:\2dstg\肩にでっかい銃器のせてんのかーい_改\project1\x64\release\vc141.pdb
d:\2dstg\肩にでっかい銃器のせてんのかーい_改 - コピー (2)\project1\x64\release\vc141.pdb
d:\2dstg\肩にでっかい銃器のせてんのかーい_改 - コピー (2)\project1\x64\release\lifebar.obj
d:\2dstg\肩にでっかい銃器のせてんのかーい_改 - コピー (2)\project1\x64\release\hit.obj
d:\2dstg\肩にでっかい銃器のせてんのかーい_改 - コピー (2)\project1\x64\release\game_screen.obj
d:\2dstg\肩にでっかい銃器のせてんのかーい_改 - コピー (2)\project1\x64\release\gametitle_screen.obj
d:\2dstg\肩にでっかい銃器のせてんのかーい_改 - コピー (2)\project1\x64\release\gameover_screen.obj
d:\2dstg\肩にでっかい銃器のせてんのかーい_改 - コピー (2)\project1\x64\release\game.obj
d:\2dstg\肩にでっかい銃器のせてんのかーい_改 - コピー (2)\project1\x64\release\explosion.obj
d:\2dstg\肩にでっかい銃器のせてんのかーい_改 - コピー (2)\project1\x64\release\enemyshot.obj
d:\2dstg\肩にでっかい銃器のせてんのかーい_改 - コピー (2)\project1\x64\release\gameclear_screen.obj
d:\2dstg\肩にでっかい銃器のせてんのかーい_改 - コピー (2)\project1\x64\release\enemymother.obj
d:\2dstg\肩にでっかい銃器のせてんのかーい_改 - コピー (2)\project1\x64\release\enemy.obj
d:\2dstg\肩にでっかい銃器のせてんのかーい_改 - コピー (2)\project1\x64\release\controlplayer.obj
d:\2dstg\肩にでっかい銃器のせてんのかーい_改 - コピー (2)\project1\x64\release\controlenemy2.obj
d:\2dstg\肩にでっかい銃器のせてんのかーい_改 - コピー (2)\project1\x64\release\controlenemy.obj
d:\2dstg\肩にでっかい銃器のせてんのかーい_改 - コピー (2)\project1\x64\release\controlboss.obj
d:\2dstg\肩にでっかい銃器のせてんのかーい_改 - コピー (2)\project1\x64\release\enemy2.obj
d:\2dstg\肩にでっかい銃器のせてんのかーい_改 - コピー (2)\project1\x64\release\bossshot2.obj
d:\2dstg\肩にでっかい銃器のせてんのかーい_改 - コピー (2)\project1\x64\release\bossshot.obj
d:\2dstg\肩にでっかい銃器のせてんのかーい_改 - コピー (2)\project1\x64\release\boss2.obj
d:\2dstg\肩にでっかい銃器のせてんのかーい_改 - コピー (2)\project1\x64\release\boss.obj
d:\2dstg\肩にでっかい銃器のせてんのかーい_改 - コピー (2)\project1\x64\release\zanki.obj
d:\2dstg\肩にでっかい銃器のせてんのかーい_改 - コピー (2)\project1\x64\release\win_main.obj
d:\2dstg\肩にでっかい銃器のせてんのかーい_改 - コピー (2)\project1\x64\release\title.obj
d:\2dstg\肩にでっかい銃器のせてんのかーい_改 - コピー (2)\project1\x64\release\tasksystemex.obj
d:\2dstg\肩にでっかい銃器のせてんのかーい_改 - コピー (2)\project1\x64\release\stage.obj
d:\2dstg\肩にでっかい銃器のせてんのかーい_改 - コピー (2)\project1\x64\release\score.obj
d:\2dstg\肩にでっかい銃器のせてんのかーい_改 - コピー (2)\project1\x64\release\player.obj
d:\2dstg\肩にでっかい銃器のせてんのかーい_改 - コピー (2)\project1\x64\release\myshot.obj
d:\2dstg\肩にでっかい銃器のせてんのかーい_改 - コピー (2)\project1\x64\release\mylib.obj
d:\2dstg\肩にでっかい銃器のせてんのかーい_改\x64\release\project1.exe
d:\2dstg\肩にでっかい銃器のせてんのかーい_改\x64\release\project1.pdb
d:\2dstg\肩にでっかい銃器のせてんのかーい_改 - コピー (2)\x64\release\project1.exe
d:\2dstg\肩にでっかい銃器のせてんのかーい_改 - コピー (2)\x64\release\project1.pdb
d:\2dstg\肩にでっかい銃器のせてんのかーい_改\x64\release\project1.ipdb
d:\2dstg\肩にでっかい銃器のせてんのかーい_改\x64\release\project1.iobj
d:\2dstg\肩にでっかい銃器のせてんのかーい_改 - コピー (2)\x64\release\project1.ipdb
d:\2dstg\肩にでっかい銃器のせてんのかーい_改 - コピー (2)\x64\release\project1.iobj
d:\2dstg\肩にでっかい銃器のせてんのかーい_改 - コピー (2)\project1\x64\release\resource.res
d:\2dstg\肩にでっかい銃器のせてんのかーい_改 - コピー (2)\project1\x64\release\project1.tlog\cl.command.1.tlog
d:\2dstg\肩にでっかい銃器のせてんのかーい_改 - コピー (2)\project1\x64\release\project1.tlog\cl.read.1.tlog
d:\2dstg\肩にでっかい銃器のせてんのかーい_改 - コピー (2)\project1\x64\release\project1.tlog\cl.write.1.tlog
d:\2dstg\肩にでっかい銃器のせてんのかーい_改 - コピー (2)\project1\x64\release\project1.tlog\link.command.1.tlog
d:\2dstg\肩にでっかい銃器のせてんのかーい_改 - コピー (2)\project1\x64\release\project1.tlog\link.read.1.tlog
d:\2dstg\肩にでっかい銃器のせてんのかーい_改 - コピー (2)\project1\x64\release\project1.tlog\link.write.1.tlog
d:\2dstg\肩にでっかい銃器のせてんのかーい_改 - コピー (2)\project1\x64\release\project1.tlog\project1.write.1u.tlog
d:\2dstg\肩にでっかい銃器のせてんのかーい_改 - コピー (2)\project1\x64\release\project1.tlog\rc.command.1.tlog
d:\2dstg\肩にでっかい銃器のせてんのかーい_改 - コピー (2)\project1\x64\release\project1.tlog\rc.read.1.tlog
d:\2dstg\肩にでっかい銃器のせてんのかーい_改 - コピー (2)\project1\x64\release\project1.tlog\rc.write.1.tlog
